<!DOCTYPE html>

<html>
  <head>
  <meta charset='utf-8'>
  <title>TestNG reports</title>

    <link type="text/css" href="testng-reports1.css" rel="stylesheet" id="ultra" />
    <link type="text/css" href="testng-reports.css" rel="stylesheet" id="retro" disabled="false"/>
    <script type="text/javascript" src="jquery-3.6.0.min.js"></script>
    <script type="text/javascript" src="testng-reports.js"></script>
    <script type="text/javascript" src="https://www.google.com/jsapi"></script>
    <script type='text/javascript'>
      google.load('visualization', '1', {packages:['table']});
      google.setOnLoadCallback(drawTable);
      var suiteTableInitFunctions = new Array();
      var suiteTableData = new Array();
    </script>
    <!--
      <script type="text/javascript" src="jquery-ui/js/jquery-ui-1.8.16.custom.min.js"></script>
     -->
  </head>

  <body>    <div class="top-banner-root">
      <span class="top-banner-title-font">Test results</span>
      <button id="button" class="button">Switch Retro Theme</button> <!-- button -->
      <br/>
      <span class="top-banner-font-1">1 suite, 6 failed tests</span>
    </div> <!-- top-banner-root -->
    <div class="navigator-root">
      <div class="navigator-suite-header">
        <span>All suites</span>
        <a href="#" title="Collapse/expand all the suites" class="collapse-all-link">
          <img src="collapseall.gif" class="collapse-all-icon">
          </img> <!-- collapse-all-icon -->
        </a> <!-- collapse-all-link -->
      </div> <!-- navigator-suite-header -->
      <div class="suite">
        <div class="rounded-window">
          <div class="suite-header light-rounded-window-top">
            <a href="#" panel-name="suite-Suite_de_Automatizacion_Funcional" class="navigator-link">
              <span class="suite-name border-failed">Suite de Automatizacion Funcional</span>
            </a> <!-- navigator-link -->
          </div> <!-- suite-header light-rounded-window-top -->
          <div class="navigator-suite-content">
            <div class="suite-section-title">
              <span>Info</span>
            </div> <!-- suite-section-title -->
            <div class="suite-section-content">
              <ul>
                <li>
                  <a href="#" panel-name="test-xml-Suite_de_Automatizacion_Funcional" class="navigator-link ">
                    <span>D:\Doc_HP_RRL\RRL\Sence\Iseg Spa\Modulo 4\Ejercicios\Entregables\06\suite-automatizacion\src\test\resources\testng.xml</span>
                  </a> <!-- navigator-link  -->
                </li>
                <li>
                  <a href="#" panel-name="testlist-Suite_de_Automatizacion_Funcional" class="navigator-link ">
                    <span class="test-stats">2 tests</span>
                  </a> <!-- navigator-link  -->
                </li>
                <li>
                  <a href="#" panel-name="group-Suite_de_Automatizacion_Funcional" class="navigator-link ">
                    <span>0 groups</span>
                  </a> <!-- navigator-link  -->
                </li>
                <li>
                  <a href="#" panel-name="times-Suite_de_Automatizacion_Funcional" class="navigator-link ">
                    <span>Times</span>
                  </a> <!-- navigator-link  -->
                </li>
                <li>
                  <a href="#" panel-name="reporter-Suite_de_Automatizacion_Funcional" class="navigator-link ">
                    <span>Reporter output</span>
                  </a> <!-- navigator-link  -->
                </li>
                <li>
                  <a href="#" panel-name="ignored-methods-Suite_de_Automatizacion_Funcional" class="navigator-link ">
                    <span>Ignored methods</span>
                  </a> <!-- navigator-link  -->
                </li>
                <li>
                  <a href="#" panel-name="chronological-Suite_de_Automatizacion_Funcional" class="navigator-link ">
                    <span>Chronological view</span>
                  </a> <!-- navigator-link  -->
                </li>
              </ul>
            </div> <!-- suite-section-content -->
            <div class="result-section">
              <div class="suite-section-title">
                <span>Results</span>
              </div> <!-- suite-section-title -->
              <div class="suite-section-content">
                <ul>
                  <li>
                    <span class="method-stats">6 methods, 6 failed,   </span>
                  </li>
                  <li>
                    <span class="method-list-title failed">Failed methods</span>
                    <span class="show-or-hide-methods failed">
                      <a href="#" panel-name="suite-Suite_de_Automatizacion_Funcional" class="hide-methods failed suite-Suite_de_Automatizacion_Funcional"> (hide)</a> <!-- hide-methods failed suite-Suite_de_Automatizacion_Funcional -->
                      <a href="#" panel-name="suite-Suite_de_Automatizacion_Funcional" class="show-methods failed suite-Suite_de_Automatizacion_Funcional"> (show)</a> <!-- show-methods failed suite-Suite_de_Automatizacion_Funcional -->
                    </span>
                    <div class="method-list-content failed suite-Suite_de_Automatizacion_Funcional">
                      <span>
                        <img src="failed.png" width="3%"/>
                        <a href="#" panel-name="suite-Suite_de_Automatizacion_Funcional" title="com.automatizacion.proyecto.pruebas.PruebaLogin" class="method navigator-link" hash-for-method="testContrasenaInvalida">testContrasenaInvalida</a> <!-- method navigator-link -->
                      </span>
                      <br/>
                      <span>
                        <img src="failed.png" width="3%"/>
                        <a href="#" panel-name="suite-Suite_de_Automatizacion_Funcional" title="com.automatizacion.proyecto.pruebas.PruebaLogin" class="method navigator-link" hash-for-method="testInicioSesionExitoso">testInicioSesionExitoso</a> <!-- method navigator-link -->
                      </span>
                      <br/>
                      <span>
                        <img src="failed.png" width="3%"/>
                        <a href="#" panel-name="suite-Suite_de_Automatizacion_Funcional" title="com.automatizacion.proyecto.pruebas.PruebaRegistro" class="method navigator-link" hash-for-method="testRegistroContrasenasNoCoincidentes">testRegistroContrasenasNoCoincidentes</a> <!-- method navigator-link -->
                      </span>
                      <br/>
                      <span>
                        <img src="failed.png" width="3%"/>
                        <a href="#" panel-name="suite-Suite_de_Automatizacion_Funcional" title="com.automatizacion.proyecto.pruebas.PruebaRegistro" class="method navigator-link" hash-for-method="testRegistroExitoso">testRegistroExitoso</a> <!-- method navigator-link -->
                      </span>
                      <br/>
                      <span>
                        <img src="failed.png" width="3%"/>
                        <a href="#" panel-name="suite-Suite_de_Automatizacion_Funcional" title="com.automatizacion.proyecto.pruebas.PruebaRegistro" class="method navigator-link" hash-for-method="testRegistroUsuarioExistente">testRegistroUsuarioExistente</a> <!-- method navigator-link -->
                      </span>
                      <br/>
                      <span>
                        <img src="failed.png" width="3%"/>
                        <a href="#" panel-name="suite-Suite_de_Automatizacion_Funcional" title="com.automatizacion.proyecto.pruebas.PruebaLogin" class="method navigator-link" hash-for-method="testUsuarioInvalido">testUsuarioInvalido</a> <!-- method navigator-link -->
                      </span>
                      <br/>
                    </div> <!-- method-list-content failed suite-Suite_de_Automatizacion_Funcional -->
                  </li>
                </ul>
              </div> <!-- suite-section-content -->
            </div> <!-- result-section -->
          </div> <!-- navigator-suite-content -->
        </div> <!-- rounded-window -->
      </div> <!-- suite -->
    </div> <!-- navigator-root -->
    <div class="wrapper">
      <div class="main-panel-root">
        <div panel-name="suite-Suite_de_Automatizacion_Funcional" class="panel Suite_de_Automatizacion_Funcional">
          <div class="suite-Suite_de_Automatizacion_Funcional-class-failed">
            <div class="main-panel-header rounded-window-top">
              <img src="failed.png"/>
              <span class="class-name">com.automatizacion.proyecto.pruebas.PruebaLogin</span>
            </div> <!-- main-panel-header rounded-window-top -->
            <div class="main-panel-content rounded-window-bottom">
              <div class="method">
                <div class="method-content">
                  <a name="testContrasenaInvalida">
                  </a> <!-- testContrasenaInvalida -->
                  <span class="method-name">testContrasenaInvalida</span>
                  <div class="stack-trace">java.lang.AssertionError: La página de login debería estar visible. expected [true] but found [false]
	at com.automatizacion.proyecto.pruebas.PruebaLogin.testContrasenaInvalida(PruebaLogin.java:81)
	at java.base/java.util.ArrayList.forEach(ArrayList.java:1596)
	at java.base/java.util.concurrent.FutureTask.run(FutureTask.java:317)
	at java.base/java.util.concurrent.ThreadPoolExecutor.runWorker(ThreadPoolExecutor.java:1144)
	at java.base/java.util.concurrent.ThreadPoolExecutor$Worker.run(ThreadPoolExecutor.java:642)
	at java.base/java.lang.Thread.run(Thread.java:1583)
... Removed 18 stack frames
</div> <!-- stack-trace -->
                  <em>
(Caso de Prueba 3: Contraseña Inválida)                  </em>
                </div> <!-- method-content -->
              </div> <!-- method -->
              <div class="method">
                <div class="method-content">
                  <a name="testInicioSesionExitoso">
                  </a> <!-- testInicioSesionExitoso -->
                  <span class="method-name">testInicioSesionExitoso</span>
                  <div class="stack-trace">java.lang.AssertionError: La página de login debería estar visible. expected [true] but found [false]
	at com.automatizacion.proyecto.pruebas.PruebaLogin.testInicioSesionExitoso(PruebaLogin.java:24)
	at java.base/java.util.ArrayList.forEach(ArrayList.java:1596)
	at java.base/java.util.concurrent.FutureTask.run(FutureTask.java:317)
	at java.base/java.util.concurrent.ThreadPoolExecutor.runWorker(ThreadPoolExecutor.java:1144)
	at java.base/java.util.concurrent.ThreadPoolExecutor$Worker.run(ThreadPoolExecutor.java:642)
	at java.base/java.lang.Thread.run(Thread.java:1583)
... Removed 18 stack frames
</div> <!-- stack-trace -->
                  <em>
(Caso de Prueba 1: Inicio de Sesión Exitoso)                  </em>
                </div> <!-- method-content -->
              </div> <!-- method -->
              <div class="method">
                <div class="method-content">
                  <a name="testUsuarioInvalido">
                  </a> <!-- testUsuarioInvalido -->
                  <span class="method-name">testUsuarioInvalido</span>
                  <div class="stack-trace">org.openqa.selenium.TimeoutException: java.util.concurrent.TimeoutException
Build info: version: &apos;4.22.0&apos;, revision: &apos;c5f3146703*&apos;
System info: os.name: &apos;Windows 11&apos;, os.arch: &apos;amd64&apos;, os.version: &apos;10.0&apos;, java.version: &apos;21.0.8&apos;
Driver info: org.openqa.selenium.chrome.ChromeDriver
Command: [5c3b5f7c453639733e720bbbd5255898, get {url=https://practice.expandtesting.com/login}]
Capabilities {acceptInsecureCerts: false, browserName: chrome, browserVersion: 138.0.7204.169, chrome: {chromedriverVersion: 138.0.7204.183 (e90faf484dd..., userDataDir: C:\Users\uman_\AppData\Loca...}, fedcm:accounts: true, goog:chromeOptions: {debuggerAddress: localhost:27335}, networkConnectionEnabled: false, pageLoadStrategy: normal, platformName: windows, proxy: Proxy(), se:cdp: ws://localhost:27335/devtoo..., se:cdpVersion: 138.0.7204.169, setWindowRect: true, strictFileInteractability: false, timeouts: {implicit: 0, pageLoad: 300000, script: 30000}, unhandledPromptBehavior: dismiss and notify, webauthn:extension:credBlob: true, webauthn:extension:largeBlob: true, webauthn:extension:minPinLength: true, webauthn:extension:prf: true, webauthn:virtualAuthenticators: true}
Session ID: 5c3b5f7c453639733e720bbbd5255898
	at org.openqa.selenium.remote.http.jdk.JdkHttpClient.execute0(JdkHttpClient.java:399)
	at org.openqa.selenium.remote.http.AddSeleniumUserAgent.lambda$apply$0(AddSeleniumUserAgent.java:42)
	at org.openqa.selenium.remote.http.Filter.lambda$andFinally$1(Filter.java:55)
	at org.openqa.selenium.remote.http.jdk.JdkHttpClient.execute(JdkHttpClient.java:355)
	at org.openqa.selenium.remote.HttpCommandExecutor.execute(HttpCommandExecutor.java:187)
	at org.openqa.selenium.remote.service.DriverCommandExecutor.invokeExecute(DriverCommandExecutor.java:216)
	at org.openqa.selenium.remote.service.DriverCommandExecutor.execute(DriverCommandExecutor.java:174)
	at org.openqa.selenium.remote.RemoteWebDriver.execute(RemoteWebDriver.java:518)
	at org.openqa.selenium.remote.RemoteWebDriver.get(RemoteWebDriver.java:300)
	at com.automatizacion.proyecto.paginas.PaginaLogin.navegarA(PaginaLogin.java:45)
	at com.automatizacion.proyecto.pruebas.PruebaLogin.testUsuarioInvalido(PruebaLogin.java:50)
	at java.base/java.util.ArrayList.forEach(ArrayList.java:1596)
	at java.base/java.util.concurrent.FutureTask.run(FutureTask.java:317)
	at java.base/java.util.concurrent.ThreadPoolExecutor.runWorker(ThreadPoolExecutor.java:1144)
	at java.base/java.util.concurrent.ThreadPoolExecutor$Worker.run(ThreadPoolExecutor.java:642)
	at java.base/java.lang.Thread.run(Thread.java:1583)
Caused by: java.util.concurrent.TimeoutException
	at java.base/java.util.concurrent.CompletableFuture.timedGet(CompletableFuture.java:1960)
	at java.base/java.util.concurrent.CompletableFuture.get(CompletableFuture.java:2095)
	at org.openqa.selenium.remote.http.jdk.JdkHttpClient.execute0(JdkHttpClient.java:382)
	... 30 more
... Removed 15 stack frames
</div> <!-- stack-trace -->
                  <em>
(Caso de Prueba 2: Usuario Inválido)                  </em>
                </div> <!-- method-content -->
              </div> <!-- method -->
            </div> <!-- main-panel-content rounded-window-bottom -->
          </div> <!-- suite-Suite_de_Automatizacion_Funcional-class-failed -->
          <div class="suite-Suite_de_Automatizacion_Funcional-class-failed">
            <div class="main-panel-header rounded-window-top">
              <img src="failed.png"/>
              <span class="class-name">com.automatizacion.proyecto.pruebas.PruebaRegistro</span>
            </div> <!-- main-panel-header rounded-window-top -->
            <div class="main-panel-content rounded-window-bottom">
              <div class="method">
                <div class="method-content">
                  <a name="testRegistroContrasenasNoCoincidentes">
                  </a> <!-- testRegistroContrasenasNoCoincidentes -->
                  <span class="method-name">testRegistroContrasenasNoCoincidentes</span>
                  <div class="stack-trace">java.lang.AssertionError: La página de registro debería estar visible. expected [true] but found [false]
	at com.automatizacion.proyecto.pruebas.PruebaRegistro.testRegistroContrasenasNoCoincidentes(PruebaRegistro.java:60)
	at java.base/java.util.ArrayList.forEach(ArrayList.java:1596)
	at java.base/java.util.concurrent.FutureTask.run(FutureTask.java:317)
	at java.base/java.util.concurrent.ThreadPoolExecutor.runWorker(ThreadPoolExecutor.java:1144)
	at java.base/java.util.concurrent.ThreadPoolExecutor$Worker.run(ThreadPoolExecutor.java:642)
	at java.base/java.lang.Thread.run(Thread.java:1583)
... Removed 18 stack frames
</div> <!-- stack-trace -->
                  <em>
(Caso de Prueba: Registro con Contraseñas No Coincidentes)                  </em>
                </div> <!-- method-content -->
              </div> <!-- method -->
              <div class="method">
                <div class="method-content">
                  <a name="testRegistroExitoso">
                  </a> <!-- testRegistroExitoso -->
                  <span class="method-name">testRegistroExitoso</span>
                  <div class="stack-trace">java.lang.AssertionError: La página de registro debería estar visible. expected [true] but found [false]
	at com.automatizacion.proyecto.pruebas.PruebaRegistro.testRegistroExitoso(PruebaRegistro.java:29)
	at java.base/java.util.ArrayList.forEach(ArrayList.java:1596)
	at java.base/java.util.concurrent.FutureTask.run(FutureTask.java:317)
	at java.base/java.util.concurrent.ThreadPoolExecutor.runWorker(ThreadPoolExecutor.java:1144)
	at java.base/java.util.concurrent.ThreadPoolExecutor$Worker.run(ThreadPoolExecutor.java:642)
	at java.base/java.lang.Thread.run(Thread.java:1583)
... Removed 18 stack frames
</div> <!-- stack-trace -->
                  <em>
(Caso de Prueba: Registro Exitoso)                  </em>
                </div> <!-- method-content -->
              </div> <!-- method -->
              <div class="method">
                <div class="method-content">
                  <a name="testRegistroUsuarioExistente">
                  </a> <!-- testRegistroUsuarioExistente -->
                  <span class="method-name">testRegistroUsuarioExistente</span>
                  <div class="stack-trace">org.openqa.selenium.TimeoutException: java.util.concurrent.TimeoutException
Build info: version: &apos;4.22.0&apos;, revision: &apos;c5f3146703*&apos;
System info: os.name: &apos;Windows 11&apos;, os.arch: &apos;amd64&apos;, os.version: &apos;10.0&apos;, java.version: &apos;21.0.8&apos;
Driver info: org.openqa.selenium.chrome.ChromeDriver
Command: [69796fd94d7fbcfe9b7ccb77d35780d9, get {url=https://practice.expandtesting.com/register}]
Capabilities {acceptInsecureCerts: false, browserName: chrome, browserVersion: 138.0.7204.169, chrome: {chromedriverVersion: 138.0.7204.183 (e90faf484dd..., userDataDir: C:\Users\uman_\AppData\Loca...}, fedcm:accounts: true, goog:chromeOptions: {debuggerAddress: localhost:27607}, networkConnectionEnabled: false, pageLoadStrategy: normal, platformName: windows, proxy: Proxy(), se:cdp: ws://localhost:27607/devtoo..., se:cdpVersion: 138.0.7204.169, setWindowRect: true, strictFileInteractability: false, timeouts: {implicit: 0, pageLoad: 300000, script: 30000}, unhandledPromptBehavior: dismiss and notify, webauthn:extension:credBlob: true, webauthn:extension:largeBlob: true, webauthn:extension:minPinLength: true, webauthn:extension:prf: true, webauthn:virtualAuthenticators: true}
Session ID: 69796fd94d7fbcfe9b7ccb77d35780d9
	at org.openqa.selenium.remote.http.jdk.JdkHttpClient.execute0(JdkHttpClient.java:399)
	at org.openqa.selenium.remote.http.AddSeleniumUserAgent.lambda$apply$0(AddSeleniumUserAgent.java:42)
	at org.openqa.selenium.remote.http.Filter.lambda$andFinally$1(Filter.java:55)
	at org.openqa.selenium.remote.http.jdk.JdkHttpClient.execute(JdkHttpClient.java:355)
	at org.openqa.selenium.remote.HttpCommandExecutor.execute(HttpCommandExecutor.java:187)
	at org.openqa.selenium.remote.service.DriverCommandExecutor.invokeExecute(DriverCommandExecutor.java:216)
	at org.openqa.selenium.remote.service.DriverCommandExecutor.execute(DriverCommandExecutor.java:174)
	at org.openqa.selenium.remote.RemoteWebDriver.execute(RemoteWebDriver.java:518)
	at org.openqa.selenium.remote.RemoteWebDriver.get(RemoteWebDriver.java:300)
	at com.automatizacion.proyecto.paginas.PaginaRegistro.navegarA(PaginaRegistro.java:47)
	at com.automatizacion.proyecto.pruebas.PruebaRegistro.testRegistroUsuarioExistente(PruebaRegistro.java:86)
	at java.base/java.util.ArrayList.forEach(ArrayList.java:1596)
	at java.base/java.util.concurrent.FutureTask.run(FutureTask.java:317)
	at java.base/java.util.concurrent.ThreadPoolExecutor.runWorker(ThreadPoolExecutor.java:1144)
	at java.base/java.util.concurrent.ThreadPoolExecutor$Worker.run(ThreadPoolExecutor.java:642)
	at java.base/java.lang.Thread.run(Thread.java:1583)
Caused by: java.util.concurrent.TimeoutException
	at java.base/java.util.concurrent.CompletableFuture.timedGet(CompletableFuture.java:1960)
	at java.base/java.util.concurrent.CompletableFuture.get(CompletableFuture.java:2095)
	at org.openqa.selenium.remote.http.jdk.JdkHttpClient.execute0(JdkHttpClient.java:382)
	... 30 more
... Removed 15 stack frames
</div> <!-- stack-trace -->
                  <em>
(Caso de Prueba: Registro con Usuario Existente (si aplica))                  </em>
                </div> <!-- method-content -->
              </div> <!-- method -->
            </div> <!-- main-panel-content rounded-window-bottom -->
          </div> <!-- suite-Suite_de_Automatizacion_Funcional-class-failed -->
        </div> <!-- panel Suite_de_Automatizacion_Funcional -->
        <div panel-name="test-xml-Suite_de_Automatizacion_Funcional" class="panel">
          <div class="main-panel-header rounded-window-top">
            <span class="header-content">D:\Doc_HP_RRL\RRL\Sence\Iseg Spa\Modulo 4\Ejercicios\Entregables\06\suite-automatizacion\src\test\resources\testng.xml</span>
          </div> <!-- main-panel-header rounded-window-top -->
          <div class="main-panel-content rounded-window-bottom">
            <pre>
&lt;?xml version=&quot;1.0&quot; encoding=&quot;UTF-8&quot;?&gt;
&lt;!DOCTYPE suite SYSTEM &quot;https://testng.org/testng-1.0.dtd&quot;&gt;
&lt;suite thread-count=&quot;2&quot; parallel=&quot;tests&quot; name=&quot;Suite de Automatizacion Funcional&quot; guice-stage=&quot;DEVELOPMENT&quot; verbose=&quot;0&quot;&gt;
  &lt;listeners&gt;
    &lt;listener class-name=&quot;io.qameta.allure.testng.AllureTestNg&quot;/&gt;
  &lt;/listeners&gt;
  &lt;test thread-count=&quot;2&quot; parallel=&quot;tests&quot; name=&quot;Pruebas de Funcionalidad de Login&quot; verbose=&quot;0&quot;&gt;
    &lt;parameter name=&quot;navegador&quot; value=&quot;chrome&quot;/&gt;
    &lt;parameter name=&quot;modoSinCabeza&quot; value=&quot;false&quot;/&gt;
    &lt;parameter name=&quot;tiempo.espera.prueba&quot; value=&quot;30&quot;/&gt;
    &lt;classes&gt;
      &lt;class name=&quot;com.automatizacion.proyecto.pruebas.PruebaLogin&quot;/&gt;
    &lt;/classes&gt;
  &lt;/test&gt; &lt;!-- Pruebas de Funcionalidad de Login --&gt;
  &lt;test thread-count=&quot;2&quot; parallel=&quot;tests&quot; name=&quot;Pruebas de Funcionalidad de Registro&quot; verbose=&quot;0&quot;&gt;
    &lt;parameter name=&quot;navegador&quot; value=&quot;chrome&quot;/&gt;
    &lt;parameter name=&quot;modoSinCabeza&quot; value=&quot;false&quot;/&gt;
    &lt;parameter name=&quot;tiempo.espera.prueba&quot; value=&quot;45&quot;/&gt;
    &lt;classes&gt;
      &lt;class name=&quot;com.automatizacion.proyecto.pruebas.PruebaRegistro&quot;/&gt;
    &lt;/classes&gt;
  &lt;/test&gt; &lt;!-- Pruebas de Funcionalidad de Registro --&gt;
&lt;/suite&gt; &lt;!-- Suite de Automatizacion Funcional --&gt;
            </pre>
          </div> <!-- main-panel-content rounded-window-bottom -->
        </div> <!-- panel -->
        <div panel-name="testlist-Suite_de_Automatizacion_Funcional" class="panel">
          <div class="main-panel-header rounded-window-top">
            <span class="header-content">Tests for Suite de Automatizacion Funcional</span>
          </div> <!-- main-panel-header rounded-window-top -->
          <div class="main-panel-content rounded-window-bottom">
            <ul>
              <li>
                <span class="test-name">Pruebas de Funcionalidad de Login (1 class)</span>
              </li>
              <li>
                <span class="test-name">Pruebas de Funcionalidad de Registro (1 class)</span>
              </li>
            </ul>
          </div> <!-- main-panel-content rounded-window-bottom -->
        </div> <!-- panel -->
        <div panel-name="group-Suite_de_Automatizacion_Funcional" class="panel">
          <div class="main-panel-header rounded-window-top">
            <span class="header-content">Groups for Suite de Automatizacion Funcional</span>
          </div> <!-- main-panel-header rounded-window-top -->
          <div class="main-panel-content rounded-window-bottom">
          </div> <!-- main-panel-content rounded-window-bottom -->
        </div> <!-- panel -->
        <div panel-name="times-Suite_de_Automatizacion_Funcional" class="panel">
          <div class="main-panel-header rounded-window-top">
            <span class="header-content">Times for Suite de Automatizacion Funcional</span>
          </div> <!-- main-panel-header rounded-window-top -->
          <div class="main-panel-content rounded-window-bottom">
            <div class="times-div">
              <script type="text/javascript">
suiteTableInitFunctions.push('tableData_Suite_de_Automatizacion_Funcional');
function tableData_Suite_de_Automatizacion_Funcional() {
var data = new google.visualization.DataTable();
data.addColumn('number', 'Number');
data.addColumn('string', 'Method');
data.addColumn('string', 'Class');
data.addColumn('number', 'Time (ms)');
data.addRows(6);
data.setCell(0, 0, 0)
data.setCell(0, 1, 'testRegistroUsuarioExistente')
data.setCell(0, 2, 'com.automatizacion.proyecto.pruebas.PruebaRegistro')
data.setCell(0, 3, 180415);
data.setCell(1, 0, 1)
data.setCell(1, 1, 'testUsuarioInvalido')
data.setCell(1, 2, 'com.automatizacion.proyecto.pruebas.PruebaLogin')
data.setCell(1, 3, 180022);
data.setCell(2, 0, 2)
data.setCell(2, 1, 'testRegistroContrasenasNoCoincidentes')
data.setCell(2, 2, 'com.automatizacion.proyecto.pruebas.PruebaRegistro')
data.setCell(2, 3, 77409);
data.setCell(3, 0, 3)
data.setCell(3, 1, 'testRegistroExitoso')
data.setCell(3, 2, 'com.automatizacion.proyecto.pruebas.PruebaRegistro')
data.setCell(3, 3, 67936);
data.setCell(4, 0, 4)
data.setCell(4, 1, 'testContrasenaInvalida')
data.setCell(4, 2, 'com.automatizacion.proyecto.pruebas.PruebaLogin')
data.setCell(4, 3, 55627);
data.setCell(5, 0, 5)
data.setCell(5, 1, 'testInicioSesionExitoso')
data.setCell(5, 2, 'com.automatizacion.proyecto.pruebas.PruebaLogin')
data.setCell(5, 3, 52646);
window.suiteTableData['Suite_de_Automatizacion_Funcional']= { tableData: data, tableDiv: 'times-div-Suite_de_Automatizacion_Funcional'}
return data;
}
              </script>
              <span class="suite-total-time">Total running time: 6 minutes</span>
              <div id="times-div-Suite_de_Automatizacion_Funcional">
              </div> <!-- times-div-Suite_de_Automatizacion_Funcional -->
            </div> <!-- times-div -->
          </div> <!-- main-panel-content rounded-window-bottom -->
        </div> <!-- panel -->
        <div panel-name="reporter-Suite_de_Automatizacion_Funcional" class="panel">
          <div class="main-panel-header rounded-window-top">
            <span class="header-content">Reporter output for Suite de Automatizacion Funcional</span>
          </div> <!-- main-panel-header rounded-window-top -->
          <div class="main-panel-content rounded-window-bottom">
          </div> <!-- main-panel-content rounded-window-bottom -->
        </div> <!-- panel -->
        <div panel-name="ignored-methods-Suite_de_Automatizacion_Funcional" class="panel">
          <div class="main-panel-header rounded-window-top">
            <span class="header-content">0 ignored methods</span>
          </div> <!-- main-panel-header rounded-window-top -->
          <div class="main-panel-content rounded-window-bottom">
          </div> <!-- main-panel-content rounded-window-bottom -->
        </div> <!-- panel -->
        <div panel-name="chronological-Suite_de_Automatizacion_Funcional" class="panel">
          <div class="main-panel-header rounded-window-top">
            <span class="header-content">Methods in chronological order</span>
          </div> <!-- main-panel-header rounded-window-top -->
          <div class="main-panel-content rounded-window-bottom">
            <div class="chronological-class">
              <div class="chronological-class-name">com.automatizacion.proyecto.pruebas.PruebaLogin</div> <!-- chronological-class-name -->
              <div class="configuration-method before">
                <span class="method-name">configurar(chrome, false, 30)</span>
                <span class="method-start">0 ms</span>
              </div> <!-- configuration-method before -->
            </div> <!-- chronological-class -->
            <div class="chronological-class">
              <div class="chronological-class-name">com.automatizacion.proyecto.pruebas.PruebaRegistro</div> <!-- chronological-class-name -->
              <div class="configuration-method before">
                <span class="method-name">configurar(chrome, false, 45)</span>
                <span class="method-start">0 ms</span>
              </div> <!-- configuration-method before -->
              <div class="test-method">
                <img src="failed.png">
                </img>
                <span class="method-name">testRegistroContrasenasNoCoincidentes</span>
                <span class="method-start">4652 ms</span>
              </div> <!-- test-method -->
            </div> <!-- chronological-class -->
            <div class="chronological-class">
              <div class="chronological-class-name">com.automatizacion.proyecto.pruebas.PruebaLogin</div> <!-- chronological-class-name -->
              <div class="test-method">
                <img src="failed.png">
                </img>
                <span class="method-name">testContrasenaInvalida</span>
                <span class="method-start">4653 ms</span>
              </div> <!-- test-method -->
              <div class="configuration-method after">
                <span class="method-name">desconfigurar</span>
                <span class="method-start">60533 ms</span>
              </div> <!-- configuration-method after -->
              <div class="configuration-method before">
                <span class="method-name">configurar(chrome, false, 30)</span>
                <span class="method-start">61181 ms</span>
              </div> <!-- configuration-method before -->
              <div class="test-method">
                <img src="failed.png">
                </img>
                <span class="method-name">testInicioSesionExitoso</span>
                <span class="method-start">62920 ms</span>
              </div> <!-- test-method -->
            </div> <!-- chronological-class -->
            <div class="chronological-class">
              <div class="chronological-class-name">com.automatizacion.proyecto.pruebas.PruebaRegistro</div> <!-- chronological-class-name -->
              <div class="configuration-method after">
                <span class="method-name">desconfigurar</span>
                <span class="method-start">82070 ms</span>
              </div> <!-- configuration-method after -->
              <div class="configuration-method before">
                <span class="method-name">configurar(chrome, false, 45)</span>
                <span class="method-start">86205 ms</span>
              </div> <!-- configuration-method before -->
              <div class="test-method">
                <img src="failed.png">
                </img>
                <span class="method-name">testRegistroExitoso</span>
                <span class="method-start">88919 ms</span>
              </div> <!-- test-method -->
            </div> <!-- chronological-class -->
            <div class="chronological-class">
              <div class="chronological-class-name">com.automatizacion.proyecto.pruebas.PruebaLogin</div> <!-- chronological-class-name -->
              <div class="configuration-method after">
                <span class="method-name">desconfigurar</span>
                <span class="method-start">115570 ms</span>
              </div> <!-- configuration-method after -->
              <div class="configuration-method before">
                <span class="method-name">configurar(chrome, false, 30)</span>
                <span class="method-start">115848 ms</span>
              </div> <!-- configuration-method before -->
              <div class="test-method">
                <img src="failed.png">
                </img>
                <span class="method-name">testUsuarioInvalido</span>
                <span class="method-start">117902 ms</span>
              </div> <!-- test-method -->
            </div> <!-- chronological-class -->
            <div class="chronological-class">
              <div class="chronological-class-name">com.automatizacion.proyecto.pruebas.PruebaRegistro</div> <!-- chronological-class-name -->
              <div class="configuration-method after">
                <span class="method-name">desconfigurar</span>
                <span class="method-start">156859 ms</span>
              </div> <!-- configuration-method after -->
              <div class="configuration-method before">
                <span class="method-name">configurar(chrome, false, 45)</span>
                <span class="method-start">157153 ms</span>
              </div> <!-- configuration-method before -->
              <div class="test-method">
                <img src="failed.png">
                </img>
                <span class="method-name">testRegistroUsuarioExistente</span>
                <span class="method-start">158842 ms</span>
              </div> <!-- test-method -->
            </div> <!-- chronological-class -->
            <div class="chronological-class">
              <div class="chronological-class-name">com.automatizacion.proyecto.pruebas.PruebaLogin</div> <!-- chronological-class-name -->
              <div class="configuration-method after">
                <span class="method-name">desconfigurar</span>
                <span class="method-start">297965 ms</span>
              </div> <!-- configuration-method after -->
            </div> <!-- chronological-class -->
            <div class="chronological-class">
              <div class="chronological-class-name">com.automatizacion.proyecto.pruebas.PruebaRegistro</div> <!-- chronological-class-name -->
              <div class="configuration-method after">
                <span class="method-name">desconfigurar</span>
                <span class="method-start">339755 ms</span>
              </div> <!-- configuration-method after -->
          </div> <!-- main-panel-content rounded-window-bottom -->
        </div> <!-- panel -->
      </div> <!-- main-panel-root -->
    </div> <!-- wrapper -->
  </body>
<script type="text/javascript" src="testng-reports2.js"></script>
</html>
